1585291360 | /files2/ | index.php
1585291362 | /files2/index.php | files2
1585291364 | /files2/index.php?id=contact | index.php
1585291365 | /files2/index.php?id=about | index.php?id=contact
1585291366 | /files2/index.php?id=info | index.php?id=about
1585291369 | /files2/ | index.php
1585291370 | /files2/index.php?id=log | files2
1585291781 | /files2/index.php?id=log | files2
1585309688 | / | 
1585309693 | / | 
1585309694 | / | 
1585309694 | / | 
1585309731 | / | 
1585310283 | /index.php | index.php
1585310285 | /index.php | index.php
1585310289 | /index.php | index.php
1585310294 | /index.php | index.php
1585310341 | /index.php | index.php
1585310460 | /index.php?id=log | index.php
1585310463 | /index.php?id=log | index.php
1585310464 | /index.php?id=log | index.php
1585310466 | /index.php | index.php?id=log
1585311624 | / | 
1585311629 | /index.php?id=contact | mysite.local
1585311629 | /index.php?id=about | index.php?id=contact
1585311630 | /index.php?id=info | index.php?id=about
1585311637 | /index.php | index.php
1585311638 | /index.php?id=log | index.php
1585311640 | /index.php?id=log | index.php
1585311641 | /index.php?id=log | index.php
1585311641 | /index.php?id=log | index.php
1585311643 | /index.php?id=log | index.php
1585311644 | /index.php?id=log | index.php
1585311651 | /index.php | index.php
1585323944 | / | 
1585323944 | / | 
1585323945 | / | 
1585323945 | / | 
1585323945 | / | 
1585323945 | / | 
1585323989 | / | 
1585325753 | / | 
1585326891 | / | 
1585326894 | / | 
1585326894 | / | 
1585326897 | / | 
1585328617 | / | 
1585328618 | / | 
1585328669 | / | 
1585328669 | / | 
1585328670 | / | 
1585328670 | / | 
1585328670 | / | 
1585328952 | / | 
1585329349 | / | 
1585329350 | / | 
1585329365 | / | 
1585329366 | / | 
1585329367 | / | 
1585329367 | / | 
1585329367 | / | 
1585329367 | / | 
1585329368 | / | 
1585329368 | / | 
1585329374 | / | 
1585329379 | / | 
1585329381 | /index.php | mysite.local
1585329382 | /index.php?id=contact | index.php
1585329383 | /index.php | index.php?id=contact
1585329384 | /index.php?id=contact | index.php
1585329387 | /index.php | index.php?id=contact
1585329786 | /index.php | index.php?id=contact
1585329787 | /index.php | index.php?id=contact
1585329788 | /index.php | index.php?id=contact
1585329788 | /index.php | index.php?id=contact
1585329789 | /index.php | index.php?id=contact
1585329789 | /index.php | index.php?id=contact
1585329789 | /index.php | index.php?id=contact
1585329791 | /index.php | index.php
1585329792 | /index.php?id=contact | index.php
1585329793 | /index.php | index.php?id=contact
1585329793 | /index.php | index.php
1585329793 | /index.php | index.php
1585329794 | /index.php | index.php
1585329794 | /index.php | index.php
1585329795 | /index.php | index.php
1585329795 | /index.php | index.php
1585329795 | /index.php | index.php
1585329795 | /index.php | index.php
1585329795 | /index.php | index.php
1585329824 | /index.php | index.php
1585329825 | /index.php | index.php
1585329825 | /index.php | index.php
1585329825 | /index.php | index.php
1585329825 | /index.php | index.php
1585329832 | /index.php | index.php
1585329839 | / | 
1585329841 | / | 
1585329882 | / | 
1585329882 | / | 
1585329883 | / | 
1585329883 | / | 
1585329883 | / | 
1585329893 | / | 
1585329893 | / | 
1585329894 | / | 
1585329894 | / | 
1585329894 | / | 
1585329894 | / | 
1585329895 | / | 
1585329895 | / | 
1585329896 | / | 
1585329896 | / | 
1585329896 | / | 
1585329896 | / | 
1585329896 | / | 
1585329897 | / | 
1585329897 | / | 
1585329898 | /index.php | mysite.local
1585329899 | /index.php?id=log | index.php
1585329914 | /index.php | index.php?id=log
1585329929 | /index.php | index.php?id=log
1585329929 | /index.php | index.php?id=log
1585329929 | /index.php | index.php?id=log
1585329929 | /index.php | index.php?id=log
1585329929 | /index.php | index.php?id=log
1585329935 | /index.php?id=log | index.php
1585329950 | /index.php?id=contact | index.php?id=log
1585329951 | /index.php?id=about | index.php?id=contact
1585329952 | /index.php?id=contact | index.php?id=about
1585329953 | /index.php?id=log | index.php?id=contact
1585329966 | /index.php?id=log | index.php?id=log
1585329967 | /index.php?id=contact | index.php?id=log
1585329969 | /index.php?id=about | index.php?id=contact
1585329971 | /index.php?id=info | index.php?id=about
1585329975 | /index.php | index.php?id=info
1585330030 | /index.php | index.php?id=info
1585330031 | /index.php | index.php?id=info
1585330034 | /index.php | index.php?id=info
1585330035 | /index.php | index.php?id=info
1585330035 | /index.php | index.php?id=info
1585330035 | /index.php | index.php?id=info
1585330036 | /index.php | index.php
1585330038 | /index.php?id=contact | index.php
1585330038 | /index.php?id=about | index.php?id=contact
1585330039 | /index.php | index.php?id=about
1585330044 | /index.php?id=log | index.php
1585330054 | /index.php | index.php?id=log
time | /index.php | index.php?id=log
time | /index.php?id=log | index.php
1585330218 | /index.php?id=log | index.php
1585330225 | /index.php?id=log | index.php?id=log
1585330297 | /index.php?id=log | index.php?id=log
1585330298 | /index.php?id=log | index.php?id=log
1585330298 | /index.php?id=log | index.php?id=log
1585330305 | /index.php | index.php?id=log
1585330380 | / | 
1585412044 | / | 
1585412048 | / | 
1585412049 | / | 
1585412050 | / | 
1585412050 | / | 
1585412050 | / | 
